<?xml version="1.0" encoding="UTF-8"?>
<!-- Generated by org.testng.reporters.JUnitReportReporter -->
<testsuite skipped="0" hostname="lenovo" name="tests.LoginTest" tests="1" failures="0" timestamp="28 Jul 2019 21:22:02 GMT" time="32.225" errors="0">
  <testcase name="doSuccessfulLogin" time="32.225" classname="tests.LoginTest"/>
</testsuite> <!-- tests.LoginTest -->
